<?xml version="1.0" encoding="UTF-8"?>
<!-- Generated by org.testng.reporters.JUnitReportReporter -->
<testsuite hostname="DESKTOP-FC459VH" name="org.tested.stepdeff" tests="1" failures="0" timestamp="10 Apr 2022 11:22:44 GMT" time="4.391" errors="0">
  <testcase name="create" time="4.391" classname="org.tested.stepdeff"/>
</testsuite> <!-- org.tested.stepdeff -->
